Using pre-set license
Built from '2021.3/staging' branch; Version is '2021.3.2f1 (d6360bedb9a0) revision 14038539'; Using compiler version '192829333'; Build Type 'Release'
OS: 'Windows 10  (10.0.19044) 64bit CoreSingleLanguage' Language: 'en' Physical Memory: 16244 MB
BatchMode: 1, IsHumanControllingUs: 0, StartBugReporterOnCrash: 0, Is64bit: 1, IsPro: 1

COMMAND LINE ARGUMENTS:
C:\Program Files\Unity\Hub\Editor\2021.3.2f1\Editor\Unity.exe
-adb2
-batchMode
-noUpm
-name
AssetImportWorker123
-projectPath
C:/Users/fatim/Documents/chuypancho/ale/rpg-system-ulsa-2022
-logFile
Logs/AssetImportWorker123.log
-srvPort
52215
Successfully changed project path to: C:/Users/fatim/Documents/chuypancho/ale/rpg-system-ulsa-2022
C:/Users/fatim/Documents/chuypancho/ale/rpg-system-ulsa-2022
[UnityMemory] Configuration Parameters - Can be set up in boot.config
    "memorysetup-bucket-allocator-granularity=16"
    "memorysetup-bucket-allocator-bucket-count=8"
    "memorysetup-bucket-allocator-block-size=33554432"
    "memorysetup-bucket-allocator-block-count=8"
    "memorysetup-main-allocator-block-size=16777216"
    "memorysetup-thread-allocator-block-size=16777216"
    "memorysetup-gfx-main-allocator-block-size=16777216"
    "memorysetup-gfx-thread-allocator-block-size=16777216"
    "memorysetup-cache-allocator-block-size=4194304"
    "memorysetup-typetree-allocator-block-size=2097152"
    "memorysetup-profiler-bucket-allocator-granularity=16"
    "memorysetup-profiler-bucket-allocator-bucket-count=8"
    "memorysetup-profiler-bucket-allocator-block-size=33554432"
    "memorysetup-profiler-bucket-allocator-block-count=8"
    "memorysetup-profiler-allocator-block-size=16777216"
    "memorysetup-profiler-editor-allocator-block-size=1048576"
    "memorysetup-temp-allocator-size-main=16777216"
    "memorysetup-job-temp-allocator-block-size=2097152"
    "memorysetup-job-temp-allocator-block-size-background=1048576"
    "memorysetup-job-temp-allocator-reduction-small-platforms=262144"
    "memorysetup-temp-allocator-size-background-worker=32768"
    "memorysetup-temp-allocator-size-job-worker=262144"
    "memorysetup-temp-allocator-size-preload-manager=33554432"
    "memorysetup-temp-allocator-size-nav-mesh-worker=65536"
    "memorysetup-temp-allocator-size-audio-worker=65536"
    "memorysetup-temp-allocator-size-cloud-worker=32768"
    "memorysetup-temp-allocator-size-gi-baking-worker=262144"
    "memorysetup-temp-allocator-size-gfx=262144"
mdb reader table full -> cleaning up stale readers. Current readers:
    pid     thread     txnid
      3824 6e60 1972
     15672 6c98 -
      3824 cdc -
     28804 3a68 -
     13384 6574 -
     30596 5ac8 -
      4188 5014 -
     24180 7330 -
     27008 3dcc -
     18040 30e4 -
     10704 670 -
     23720 3840 -
     16312 54fc -
      7736 389c -
     30120 69bc -
      8132 30b0 1828
      9848 2c98 1828
      9700 3c28 -
     23056 4994 -
      9556 41ac 1832
      6552 2d00 -
     15152 4968 -
     27464 7174 -
     18864 2cc8 -
     24848 250c -
     28040 7418 -
     15352 2df4 -
     14044 6c58 -
     28880 7364 -
     24556 59b8 -
     23468 4e30 -
      2436 4e74 -
     17764 6be8 -
      7764 64fc -
     26756 2908 -
     18408 2078 -
     24396 3650 -
     18304 5d4 -
     14820 3b00 -
     15172 264c -
     30508 19bc -
     20576 6744 -
      6584 5458 -
     14088 cb4 -
     27336 39ac -
     17680 4b4c -
     10208 2b9c -
     27996 448 -
     17732 4880 -
     16108 385c -
     12280 7f0 -
     19476 6300 -
     25300 4cc4 -
      9144 458 -
     25404 7324 -
     12556 5378 -
     18872 50cc -
     10512 3bc8 -
     26144 1df0 -
     11328 5090 -
     20052 c94 -
     16548 361c -
      2772 5b2c -
     17440 7320 -
     16660 4c5c -
     11744 1d5c -
     12184 a44 -
     25008 848 -
     27824 46c8 -
     30532 5604 -
     28092 507c -
     23012 6618 -
     21708 4990 -
      9380 37d4 -
     19636 5b68 -
     17848 2b78 -
     19808 3be4 -
     18448 4e44 -
     30524 5ac4 -
     26248 6588 -
      3180 4970 -
     21248 524c -
     19048 51f8 -
     30500 3cd0 -
     30260 4058 -
      1224 5e10 -
     14464 3194 -
     30548 5900 -
      9168 5b34 -
     16148 6a14 -
     15136 4ea0 -
      3556 1434 -
     29144 67fc -
     20896 29c0 -
     18068 4bf8 -
     26628 5778 -
      6624 71f0 -
     27396 4824 -
      7176 496c -
      6684 4004 -
      3560 3a44 -
      2556 242c -
      3000 4f34 -
     20200 5a28 -
      1552 75e0 -
      3304 3890 -
     14444 6db8 -
      8632 1a64 -
      8388 2704 -
     21124 3884 -
     13020 4384 -
      3824 98c -
     17272 1d20 -
     21412 31c8 -
      3108 51dc -
     17096 1458 -
      6252 4a64 -
      1180 5b94 -
      5108 1bc -
     16540 378c -
     11716 42b8 -
     30560 1d58 -
      3664 4094 -
     19672 30ec -
     26472 3b2c -
     21980 7034 -
Cleaned out 120 stale readers
Refreshing native plugins compatible for Editor in 837.65 ms, found 2 plugins.
Preloading 0 native plugins for Editor in 0.00 ms.
Initialize engine version: 2021.3.2f1 (d6360bedb9a0)
[Subsystems] Discovering subsystems at path C:/Program Files/Unity/Hub/Editor/2021.3.2f1/Editor/Data/Resources/UnitySubsystems
[Subsystems] Discovering subsystems at path C:/Users/fatim/Documents/chuypancho/ale/rpg-system-ulsa-2022/Assets
GfxDevice: creating device client; threaded=0; jobified=0
Direct3D:
    Version:  Direct3D 11.0 [level 11.1]
    Renderer: NVIDIA GeForce GTX 1060 (ID=0x1c20)
    Vendor:   NVIDIA
    VRAM:     6052 MB
    Driver:   30.0.15.1215
Initialize mono
Mono path[0] = 'C:/Program Files/Unity/Hub/Editor/2021.3.2f1/Editor/Data/Managed'
Mono path[1] = 'C:/Program Files/Unity/Hub/Editor/2021.3.2f1/Editor/Data/MonoBleedingEdge/lib/mono/unityjit-win32'
Mono config path = 'C:/Program Files/Unity/Hub/Editor/2021.3.2f1/Editor/Data/MonoBleedingEdge/etc'
Using monoOptions --debugger-agent=transport=dt_socket,embedding=1,server=y,suspend=n,address=127.0.0.1:56764
Begin MonoManager ReloadAssembly
Registering precompiled unity dll's ...
Register platform support module: C:/Program Files/Unity/Hub/Editor/2021.3.2f1/Editor/Data/PlaybackEngines/WindowsStandaloneSupport/UnityEditor.WindowsStandalone.Extensions.dll
Registered in 0.309244 seconds.
